<?xml version="1.0" encoding="UTF-8"?>
<!-- Generated by org.testng.reporters.JUnitXMLReporter -->
<testsuite hostname="Naveen" ignored="0" name="Surefire test" tests="6" failures="0" timestamp="12 Apr 2018 01:26:09 GMT" time="0.06" errors="0">
  <testcase name="iosApp" time="0.012" classname="qaclickacademy.AppiumTest"/>
  <testcase name="nativeAndroidApp" time="0.0" classname="qaclickacademy.AppiumTest"/>
  <testcase name="deleteTwitter" time="0.004" classname="qaclickacademy.RESTAPITest"/>
  <testcase name="postJira" time="0.0" classname="qaclickacademy.RESTAPITest"/>
  <testcase name="browserAutomation" time="0.0" classname="qaclickacademy.SeleniumTest"/>
  <testcase name="elementsui" time="0.0" classname="qaclickacademy.SeleniumTest"/>
</testsuite> <!-- Surefire test -->
