<?xml version="1.0" encoding="UTF-8"?>
<!-- Generated by org.testng.reporters.JUnitXMLReporter -->
<testsuite hostname="Naveen" ignored="0" name="Test" tests="6" failures="0" timestamp="12 Apr 2018 01:57:28 GMT" time="0.053" errors="0">
  <testcase name="browserAutomation" time="0.009" classname="qaclickacademy.SeleniumTest"/>
  <testcase name="elementsui" time="0.0" classname="qaclickacademy.SeleniumTest"/>
  <testcase name="deleteTwitter" time="0.001" classname="qaclickacademy.RESTAPITest"/>
  <testcase name="postJira" time="0.0" classname="qaclickacademy.RESTAPITest"/>
  <testcase name="iosApp" time="0.0" classname="qaclickacademy.AppiumTest"/>
  <testcase name="nativeAndroidApp" time="0.001" classname="qaclickacademy.AppiumTest"/>
</testsuite> <!-- Test -->
