<?xml version="1.0" encoding="UTF-8"?>
<testng-results skipped="0" failed="0" ignored="0" total="6" passed="6">
  <reporter-output>
  </reporter-output>
  <suite name="Suite" duration-ms="53" started-at="2018-04-12T01:57:28Z" finished-at="2018-04-12T01:57:28Z">
    <groups>
    </groups>
    <test name="Test" duration-ms="53" started-at="2018-04-12T01:57:28Z" finished-at="2018-04-12T01:57:28Z">
      <class name="qaclickacademy.AppiumTest">
        <test-method status="PASS" signature="iosApp()[pri:0, instance:qaclickacademy.AppiumTest@52af6cff]" name="iosApp" duration-ms="0" started-at="2018-04-12T01:57:28Z" finished-at="2018-04-12T01:57:28Z">
          <reporter-output>
          </reporter-output>
        </test-method> <!-- iosApp -->
        <test-method status="PASS" signature="nativeAndroidApp()[pri:0, instance:qaclickacademy.AppiumTest@52af6cff]" name="nativeAndroidApp" duration-ms="1" started-at="2018-04-12T01:57:28Z" finished-at="2018-04-12T01:57:28Z">
          <reporter-output>
          </reporter-output>
        </test-method> <!-- nativeAndroidApp -->
      </class> <!-- qaclickacademy.AppiumTest -->
      <class name="qaclickacademy.RESTAPITest">
        <test-method status="PASS" signature="deleteTwitter()[pri:0, instance:qaclickacademy.RESTAPITest@531be3c5]" name="deleteTwitter" duration-ms="1" started-at="2018-04-12T01:57:28Z" finished-at="2018-04-12T01:57:28Z">
          <reporter-output>
          </reporter-output>
        </test-method> <!-- deleteTwitter -->
        <test-method status="PASS" signature="postJira()[pri:0, instance:qaclickacademy.RESTAPITest@531be3c5]" name="postJira" duration-ms="0" started-at="2018-04-12T01:57:28Z" finished-at="2018-04-12T01:57:28Z">
          <reporter-output>
          </reporter-output>
        </test-method> <!-- postJira -->
      </class> <!-- qaclickacademy.RESTAPITest -->
      <class name="qaclickacademy.SeleniumTest">
        <test-method status="PASS" signature="browserAutomation()[pri:0, instance:qaclickacademy.SeleniumTest@3551a94]" name="browserAutomation" duration-ms="9" started-at="2018-04-12T01:57:28Z" finished-at="2018-04-12T01:57:28Z">
          <reporter-output>
          </reporter-output>
        </test-method> <!-- browserAutomation -->
        <test-method status="PASS" signature="elementsui()[pri:0, instance:qaclickacademy.SeleniumTest@3551a94]" name="elementsui" duration-ms="0" started-at="2018-04-12T01:57:28Z" finished-at="2018-04-12T01:57:28Z">
          <reporter-output>
          </reporter-output>
        </test-method> <!-- elementsui -->
      </class> <!-- qaclickacademy.SeleniumTest -->
    </test> <!-- Test -->
  </suite> <!-- Suite -->
</testng-results>
