<?xml version="1.0" encoding="UTF-8"?>
<testng-results skipped="0" failed="0" ignored="0" total="2" passed="2">
  <reporter-output>
  </reporter-output>
  <suite name="Default suite" duration-ms="128" started-at="2018-04-12T01:08:58Z" finished-at="2018-04-12T01:08:58Z">
    <groups>
    </groups>
    <test name="Default test" duration-ms="128" started-at="2018-04-12T01:08:58Z" finished-at="2018-04-12T01:08:58Z">
      <class name="qaclickacademy.SeleniumTest">
        <test-method status="PASS" signature="browserAutomation()[pri:0, instance:qaclickacademy.SeleniumTest@62537fe8]" name="browserAutomation" duration-ms="25" started-at="2018-04-12T01:08:58Z" finished-at="2018-04-12T01:08:58Z">
          <reporter-output>
          </reporter-output>
        </test-method> <!-- browserAutomation -->
        <test-method status="PASS" signature="elementsui()[pri:0, instance:qaclickacademy.SeleniumTest@62537fe8]" name="elementsui" duration-ms="6" started-at="2018-04-12T01:08:58Z" finished-at="2018-04-12T01:08:58Z">
          <reporter-output>
          </reporter-output>
        </test-method> <!-- elementsui -->
      </class> <!-- qaclickacademy.SeleniumTest -->
    </test> <!-- Default test -->
  </suite> <!-- Default suite -->
</testng-results>
